

14-01-2021 12:27:43 Lancement du script :  

14-01-2021 12:27:43 Scrapping catégorie : 1/20 en cours.

14-01-2021 12:29:37 Catégorie : Amazon Launchpad  = DONE

14-01-2021 12:29:37 Scrapping catégorie : 2/20 en cours.

14-01-2021 12:34:32 Catégorie : Animalerie  = DONE

14-01-2021 12:39:32 Scrapping catégorie : 3/20 en cours.

14-01-2021 12:40:33 Catégorie : Appareils Amazon et Accessoires  = DONE

14-01-2021 12:45:33 Scrapping catégorie : 4/20 en cours.

14-01-2021 12:52:17 Catégorie : Auto et Moto  = DONE

14-01-2021 12:57:17 Scrapping catégorie : 5/20 en cours.

14-01-2021 01:03:02 Catégorie : Bagages  = KO

14-01-2021 01:03:02 Catégorie : Bagages  = DONE

14-01-2021 01:08:02 Scrapping catégorie : 6/20 en cours.

14-01-2021 01:12:15 Catégorie : Beauté et Parfum  = DONE

14-01-2021 01:17:15 Scrapping catégorie : 7/20 en cours.

14-01-2021 01:19:35 Catégorie : Bijoux  = DONE

14-01-2021 01:24:35 Scrapping catégorie : 8/20 en cours.

14-01-2021 01:26:05 Catégorie : Boutique Kindle  = DONE

14-01-2021 01:31:05 Scrapping catégorie : 9/20 en cours.

14-01-2021 01:37:29 Catégorie : Boutique chèques-cadeaux  = DONE

14-01-2021 01:42:29 Scrapping catégorie : 10/20 en cours.

14-01-2021 01:47:20 Catégorie : Bricolage  = DONE

14-01-2021 01:52:20 Scrapping catégorie : 11/20 en cours.

14-01-2021 02:00:17 Catégorie : Bébé et Puériculture  = DONE

14-01-2021 02:05:17 Scrapping catégorie : 12/20 en cours.

14-01-2021 02:07:15 Catégorie : Chaussures et Sacs  = DONE

14-01-2021 02:12:15 Scrapping catégorie : 13/20 en cours.

14-01-2021 02:21:31 Catégorie : Commerce, Industrie et Science  = DONE

14-01-2021 02:26:31 Scrapping catégorie : 14/20 en cours.

14-01-2021 02:34:14 Catégorie : Cuisine et Maison  = DONE

14-01-2021 02:39:14 Scrapping catégorie : 15/20 en cours.

14-01-2021 02:47:09 Catégorie : DVD et Blu-ray  = DONE

14-01-2021 02:52:09 Scrapping catégorie : 16/20 en cours.

14-01-2021 02:53:10 Catégorie : Epicerie  = DONE

14-01-2021 02:58:10 Scrapping catégorie : 17/20 en cours.

14-01-2021 02:58:12 Catégorie : Epicerie  = DONE

14-01-2021 03:03:12 Scrapping catégorie : 18/20 en cours.

14-01-2021 03:06:12 Catégorie : Gros électroménager  = KO

14-01-2021 03:06:12 Catégorie : Gros électroménager  = KO

14-01-2021 03:06:12 Catégorie : Gros électroménager  = KO

14-01-2021 03:06:12 Catégorie : Gros électroménager  = KO

14-01-2021 03:06:12 Catégorie : Gros électroménager  = DONE

14-01-2021 03:11:12 Scrapping catégorie : 19/20 en cours.

14-01-2021 03:11:14 Catégorie : Gros électroménager  = DONE

14-01-2021 03:16:14 Scrapping catégorie : 20/20 en cours.

14-01-2021 03:21:35 Catégorie : Hygiène et Santé  = DONE


